ERROR - 2021-12-08 04:45:00 --> Error connecting to the database: No such file or directory
CRITICAL - 2021-12-08 04:45:00 --> Unable to connect to the database.
Main connection [MySQLi]: No such file or directory
#0 /Users/Evann/Sites/localhost/ProjetGSB/GSB web/system/Database/BaseConnection.php(577): CodeIgniter\Database\BaseConnection->initialize()
#1 /Users/Evann/Sites/localhost/ProjetGSB/GSB web/system/Database/BaseBuilder.php(1443): CodeIgniter\Database\BaseConnection->query('SELECT *\nFROM `...', Array, false)
#2 /Users/Evann/Sites/localhost/ProjetGSB/GSB web/system/Model.php(183): CodeIgniter\Database\BaseBuilder->get()
#3 /Users/Evann/Sites/localhost/ProjetGSB/GSB web/system/BaseModel.php(584): CodeIgniter\Model->doFindAll(0, 0)
#4 /Users/Evann/Sites/localhost/ProjetGSB/GSB web/app/Controllers/User.php(14): CodeIgniter\BaseModel->findAll()
#5 /Users/Evann/Sites/localhost/ProjetGSB/GSB web/system/CodeIgniter.php(824): App\Controllers\User->index()
#6 /Users/Evann/Sites/localhost/ProjetGSB/GSB web/system/CodeIgniter.php(410): CodeIgniter\CodeIgniter->runController(Object(App\Controllers\User))
#7 /Users/Evann/Sites/localhost/ProjetGSB/GSB web/system/CodeIgniter.php(318): CodeIgniter\CodeIgniter->handleRequest(NULL, Object(Config\Cache), false)
#8 /Users/Evann/Sites/localhost/ProjetGSB/GSB web/public/index.php(37): CodeIgniter\CodeIgniter->run()
#9 /Users/Evann/Sites/localhost/ProjetGSB/GSB web/system/Commands/Server/rewrite.php(43): require_once('/Users/Evann/Si...')
#10 {main}
ERROR - 2021-12-08 04:45:09 --> Error connecting to the database: No such file or directory
CRITICAL - 2021-12-08 04:45:09 --> Unable to connect to the database.
Main connection [MySQLi]: No such file or directory
#0 /Users/Evann/Sites/localhost/ProjetGSB/GSB web/system/Database/BaseConnection.php(577): CodeIgniter\Database\BaseConnection->initialize()
#1 /Users/Evann/Sites/localhost/ProjetGSB/GSB web/system/Database/BaseBuilder.php(1443): CodeIgniter\Database\BaseConnection->query('SELECT *\nFROM `...', Array, false)
#2 /Users/Evann/Sites/localhost/ProjetGSB/GSB web/system/Model.php(183): CodeIgniter\Database\BaseBuilder->get()
#3 /Users/Evann/Sites/localhost/ProjetGSB/GSB web/system/BaseModel.php(584): CodeIgniter\Model->doFindAll(0, 0)
#4 /Users/Evann/Sites/localhost/ProjetGSB/GSB web/app/Controllers/User.php(14): CodeIgniter\BaseModel->findAll()
#5 /Users/Evann/Sites/localhost/ProjetGSB/GSB web/system/CodeIgniter.php(824): App\Controllers\User->index()
#6 /Users/Evann/Sites/localhost/ProjetGSB/GSB web/system/CodeIgniter.php(410): CodeIgniter\CodeIgniter->runController(Object(App\Controllers\User))
#7 /Users/Evann/Sites/localhost/ProjetGSB/GSB web/system/CodeIgniter.php(318): CodeIgniter\CodeIgniter->handleRequest(NULL, Object(Config\Cache), false)
#8 /Users/Evann/Sites/localhost/ProjetGSB/GSB web/public/index.php(37): CodeIgniter\CodeIgniter->run()
#9 /Users/Evann/Sites/localhost/ProjetGSB/GSB web/system/Commands/Server/rewrite.php(43): require_once('/Users/Evann/Si...')
#10 {main}
